  1_mata_wada_denawa.cpp
1_mata_wada_denawa.obj : error LNK2019: unresolved external symbol "void __cdecl cv::fastFree(void *)" (?fastFree@cv@@YAXPEAX@Z) referenced in function "public: __cdecl cv::Mat::~Mat(void)" (??1Mat@cv@@QEAA@XZ)
1_mata_wada_denawa.obj : error LNK2019: unresolved external symbol "public: __cdecl cv::_InputArray::_InputArray(class cv::Mat const &)" (??0_InputArray@cv@@QEAA@AEBVMat@1@@Z) referenced in function main
1_mata_wada_denawa.obj : error LNK2001: unresolved external symbol "public: virtual class cv::Mat __cdecl cv::_InputArray::getMat(int)const " (?getMat@_InputArray@cv@@UEBA?AVMat@2@H@Z)
1_mata_wada_denawa.obj : error LNK2001: unresolved external symbol "public: virtual void __cdecl cv::_InputArray::getMatVector(class std::vector<class cv::Mat,class std::allocator<class cv::Mat> > &)const " (?getMatVector@_InputArray@cv@@UEBAXAEAV?$vector@VMat@cv@@V?$allocator@VMat@cv@@@std@@@std@@@Z)
1_mata_wada_denawa.obj : error LNK2001: unresolved external symbol "public: virtual class cv::GlBuffer __cdecl cv::_InputArray::getGlBuffer(void)const " (?getGlBuffer@_InputArray@cv@@UEBA?AVGlBuffer@2@XZ)
1_mata_wada_denawa.obj : error LNK2001: unresolved external symbol "public: virtual class cv::GlTexture __cdecl cv::_InputArray::getGlTexture(void)const " (?getGlTexture@_InputArray@cv@@UEBA?AVGlTexture@2@XZ)
1_mata_wada_denawa.obj : error LNK2001: unresolved external symbol "public: virtual class cv::gpu::GpuMat __cdecl cv::_InputArray::getGpuMat(void)const " (?getGpuMat@_InputArray@cv@@UEBA?AVGpuMat@gpu@2@XZ)
1_mata_wada_denawa.obj : error LNK2001: unresolved external symbol "public: virtual int __cdecl cv::_InputArray::kind(void)const " (?kind@_InputArray@cv@@UEBAHXZ)
1_mata_wada_denawa.obj : error LNK2001: unresolved external symbol "public: virtual class cv::Size_<int> __cdecl cv::_InputArray::size(int)const " (?size@_InputArray@cv@@UEBA?AV?$Size_@H@2@H@Z)
1_mata_wada_denawa.obj : error LNK2001: unresolved external symbol "public: virtual unsigned __int64 __cdecl cv::_InputArray::total(int)const " (?total@_InputArray@cv@@UEBA_KH@Z)
1_mata_wada_denawa.obj : error LNK2001: unresolved external symbol "public: virtual int __cdecl cv::_InputArray::type(int)const " (?type@_InputArray@cv@@UEBAHH@Z)
1_mata_wada_denawa.obj : error LNK2001: unresolved external symbol "public: virtual int __cdecl cv::_InputArray::depth(int)const " (?depth@_InputArray@cv@@UEBAHH@Z)
1_mata_wada_denawa.obj : error LNK2001: unresolved external symbol "public: virtual int __cdecl cv::_InputArray::channels(int)const " (?channels@_InputArray@cv@@UEBAHH@Z)
1_mata_wada_denawa.obj : error LNK2001: unresolved external symbol "public: virtual bool __cdecl cv::_InputArray::empty(void)const " (?empty@_InputArray@cv@@UEBA_NXZ)
1_mata_wada_denawa.obj : error LNK2019: unresolved external symbol "public: __cdecl cv::_OutputArray::_OutputArray(class cv::Mat &)" (??0_OutputArray@cv@@QEAA@AEAVMat@1@@Z) referenced in function main
1_mata_wada_denawa.obj : error LNK2019: unresolved external symbol "public: void __cdecl cv::Mat::deallocate(void)" (?deallocate@Mat@cv@@QEAAXXZ) referenced in function "public: void __cdecl cv::Mat::release(void)" (?release@Mat@cv@@QEAAXXZ)
1_mata_wada_denawa.obj : error LNK2019: unresolved external symbol "void __cdecl cv::inRange(class cv::_InputArray const &,class cv::_InputArray const &,class cv::_InputArray const &,class cv::_OutputArray const &)" (?inRange@cv@@YAXAEBV_InputArray@1@00AEBV_OutputArray@1@@Z) referenced in function main
1_mata_wada_denawa.obj : error LNK2019: unresolved external symbol "int __cdecl cv::_interlockedExchangeAdd(int *,int)" (?_interlockedExchangeAdd@cv@@YAHPEAHH@Z) referenced in function "public: void __cdecl cv::Mat::release(void)" (?release@Mat@cv@@QEAAXXZ)
1_mata_wada_denawa.obj : error LNK2019: unresolved external symbol cvCreateTrackbar referenced in function main
1_mata_wada_denawa.obj : error LNK2019: unresolved external symbol "void __cdecl cv::namedWindow(class std::basic_string<char,struct std::char_traits<char>,class std::allocator<char> > const &,int)" (?namedWindow@cv@@YAXAEBV?$basic_string@DU?$char_traits@D@std@@V?$allocator@D@2@@std@@H@Z) referenced in function main
1_mata_wada_denawa.obj : error LNK2019: unresolved external symbol "int __cdecl cv::waitKey(int)" (?waitKey@cv@@YAHH@Z) referenced in function main
1_mata_wada_denawa.obj : error LNK2019: unresolved external symbol "void __cdecl cv::imshow(class std::basic_string<char,struct std::char_traits<char>,class std::allocator<char> > const &,class cv::_InputArray const &)" (?imshow@cv@@YAXAEBV?$basic_string@DU?$char_traits@D@std@@V?$allocator@D@2@@std@@AEBV_InputArray@1@@Z) referenced in function main
1_mata_wada_denawa.obj : error LNK2019: unresolved external symbol "public: __cdecl cv::VideoCapture::VideoCapture(int)" (??0VideoCapture@cv@@QEAA@H@Z) referenced in function main
1_mata_wada_denawa.obj : error LNK2019: unresolved external symbol "public: virtual __cdecl cv::VideoCapture::~VideoCapture(void)" (??1VideoCapture@cv@@UEAA@XZ) referenced in function main
1_mata_wada_denawa.obj : error LNK2019: unresolved external symbol "public: virtual bool __cdecl cv::VideoCapture::isOpened(void)const " (?isOpened@VideoCapture@cv@@UEBA_NXZ) referenced in function main
1_mata_wada_denawa.obj : error LNK2019: unresolved external symbol "public: virtual bool __cdecl cv::VideoCapture::read(class cv::Mat &)" (?read@VideoCapture@cv@@UEAA_NAEAVMat@2@@Z) referenced in function main
1_mata_wada_denawa.obj : error LNK2019: unresolved external symbol "class cv::Mat __cdecl cv::getStructuringElement(int,class cv::Size_<int>,class cv::Point_<int>)" (?getStructuringElement@cv@@YA?AVMat@1@HV?$Size_@H@1@V?$Point_@H@1@@Z) referenced in function main
1_mata_wada_denawa.obj : error LNK2019: unresolved external symbol "void __cdecl cv::erode(class cv::_InputArray const &,class cv::_OutputArray const &,class cv::_InputArray const &,class cv::Point_<int>,int,int,class cv::Scalar_<double> const &)" (?erode@cv@@YAXAEBV_InputArray@1@AEBV_OutputArray@1@0V?$Point_@H@1@HHAEBV?$Scalar_@N@1@@Z) referenced in function main
1_mata_wada_denawa.obj : error LNK2019: unresolved external symbol "void __cdecl cv::dilate(class cv::_InputArray const &,class cv::_OutputArray const &,class cv::_InputArray const &,class cv::Point_<int>,int,int,class cv::Scalar_<double> const &)" (?dilate@cv@@YAXAEBV_InputArray@1@AEBV_OutputArray@1@0V?$Point_@H@1@HHAEBV?$Scalar_@N@1@@Z) referenced in function main
1_mata_wada_denawa.obj : error LNK2019: unresolved external symbol "void __cdecl cv::cvtColor(class cv::_InputArray const &,class cv::_OutputArray const &,int,int)" (?cvtColor@cv@@YAXAEBV_InputArray@1@AEBV_OutputArray@1@HH@Z) referenced in function main
D:\Visual_Studio_Workspace\1_mata_wada_denawa\x64\Debug\1_mata_wada_denawa.exe : fatal error LNK1120: 30 unresolved externals
